Arguments: 
  C:\Program Files\nodejs\node.exe C:\Program Files (x86)\Yarn\bin\yarn.js add @randlabs/myalgo-connect

PATH: 
  C:\Python310\Scripts\;C:\Python310\;C:\Program Files\Java\jdk-15.0.1\bin;C:\Program Files\Common Files\Oracle\Java\javapath;C:\Program Files (x86)\Common Files\Oracle\Java\javapath;C:\WINDOWS\system32;C:\WINDOWS;C:\WINDOWS\System32\Wbem;C:\WINDOWS\System32\WindowsPowerShell\v1.0\;C:\WINDOWS\System32\OpenSSH\;C:\Program Files\Java\jdk1.8.0_241\bin;C:\Dart\dart-sdk\bin;C:\Users\ramam\AppData\Local\Android\Sdk\emulator;C:\Program Files\Git\cmd;C:\Users\ramam\AppData\Roaming\nvm;C:\Program Files\nodejs;search-ms:displayname=Search%20Results%20in%20Program%20Files&crumb=location:C%3A%5CProgram%20Files\nodejs;C:\xampp\php;C:\composer;C:\Users\ramam\Downloads\flutter_windows_2.2.0-stable\flutter\bin;C:\Program Files\dart-sdk\bin;C:\Users\ramam\Downloads\chromedriver_win32;C:\Program Files\Docker\Docker\resources\bin;C:\ProgramData\DockerDesktop\version-bin;C:\Program Files (x86)\Google\Cloud SDK\google-cloud-sdk\bin;C:\windows-amd64;C:\Users\ramam\AppData\Local\Programs\Python\Python39\Scripts;C:\Program Files\TortoiseGit\bin;C:\Users\ramam\AppData\Local\Programs\Python\Python39;C:\Program Files\Microsoft SQL Server\Client SDK\ODBC\170\Tools\Binn\;C:\Program Files (x86)\Microsoft SQL Server\150\Tools\Binn\;C:\Program Files\Microsoft SQL Server\150\Tools\Binn\;C:\Program Files\Microsoft SQL Server\150\DTS\Binn\;C:\Program Files (x86)\Microsoft SQL Server\150\DTS\Binn\;C:\Program Files\Azure Data Studio\bin;C:\Program Files\nodejs;C:\ProgramData\chocolatey\bin;C:\Program Files\PuTTY\;C:\Program Files (x86)\Yarn\bin\;C:\Users\ramam\AppData\Local\Yarn;C:\Users\ramam\AppData\Local\Programs\Python\Python39\Scripts\;C:\Users\ramam\AppData\Local\Programs\Python\Python39\;C:\Users\ramam\.poetry\bin;C:\Users\ramam\.windows-build-tools\python27\;C:\Users\ramam\AppData\Local\Microsoft\WindowsApps;C:\flutter\bin;C:\Program Files\JetBrains\IntelliJ IDEA Community Edition 2020.2.1\bin;C:\Users\ramam\AppData\Local\atom\bin;C:\Users\ramam\AppData\Local\Programs\Microsoft VS Code\bin;C:\Users\ramam\AppData\Roaming\nvm;C:\Program Files\nodejs;C:\Users\ramam\AppData\Roaming\Composer\vendor\bin;C:\Users\ramam\AppData\Local\Microsoft\WindowsApps;;C:\Program Files\JetBrains\IntelliJ IDEA Community Edition 2021.2.2\bin;;C:\Program Files\Azure Data Studio\bin;C:\Users\ramam\AppData\Roaming\npm;C:\Users\ramam\AppData\Local\Yarn\bin

Yarn version: 
  1.22.15

Node version: 
  16.13.0

Platform: 
  win32 x64

Trace: 
  Error: https://registry.yarnpkg.com/@material-ui/icons/-/icons-4.11.2.tgz: ESOCKETTIMEDOUT
      at ClientRequest.<anonymous> (C:\Program Files (x86)\Yarn\lib\cli.js:141512:19)
      at Object.onceWrapper (node:events:509:28)
      at ClientRequest.emit (node:events:390:28)
      at TLSSocket.emitRequestTimeout (node:_http_client:763:9)
      at Object.onceWrapper (node:events:509:28)
      at TLSSocket.emit (node:events:402:35)
      at TLSSocket.Socket._onTimeout (node:net:501:8)
      at listOnTimeout (node:internal/timers:557:17)
      at processTimers (node:internal/timers:500:7)

npm manifest: 
  {
    "name": "react-boilerplate",
    "version": "0.1.0",
    "private": true,
    "dependencies": {
      "@material-ui/icons": "^4.11.2",
      "@pinata/sdk": "^1.1.23",
      "@testing-library/jest-dom": "^5.11.4",
      "@testing-library/react": "^11.1.0",
      "@testing-library/user-event": "^12.1.10",
      "algosdk": "^1.12.0",
      "apexcharts": "^3.27.3",
      "axios": "^0.24.0",
      "body-scroll-lock": "^4.0.0-beta.0",
      "bootstrap": "^4.6.0",
      "cors": "^2.8.5",
      "crypto-js": "^4.1.1",
      "express": "^4.17.1",
      "form-data": "^4.0.0",
      "ipfs-api": "^26.1.2",
      "jsonexport": "^3.2.0",
      "multer": "^1.4.3",
      "node-sass": "^6.0.1",
      "nodemon": "^2.0.15",
      "ra-data-simple-rest": "^3.19.1",
      "react": "^17.0.2",
      "react-apexcharts": "^1.3.9",
      "react-bootstrap": "^1.6.1",
      "react-datepicker": "^4.3.0",
      "react-dom": "^17.0.2",
      "react-final-form-arrays": "^3.1.3",
      "react-icons": "^4.3.1",
      "react-image-file-resizer": "^0.4.7",
      "react-outside-click-handler": "^1.3.0",
      "react-redux": "^7.2.4",
      "react-router-dom": "^5.2.0",
      "react-scripts": "4.0.3",
      "reactjs-popup": "^2.0.5",
      "reactstrap": "^8.9.0",
      "redux": "^4.1.0",
      "redux-thunk": "^2.3.0",
      "style-helpers": "^1.0.2",
      "web-vitals": "^1.0.1",
      "web3": "^1.5.2"
    },
    "scripts": {
      "start": "react-scripts start",
      "deploy": "react-scripts build && firebase deploy",
      "build": "react-scripts build",
      "test": "react-scripts test",
      "eject": "react-scripts eject"
    },
    "eslintConfig": {
      "extends": [
        "react-app",
        "react-app/jest"
      ]
    },
    "browserslist": {
      "production": [
        ">0.2%",
        "not dead",
        "not op_mini all"
      ],
      "development": [
        "last 1 chrome version",
        "last 1 firefox version",
        "last 1 safari version"
      ]
    }
  }

yarn manifest: 
  No manifest

Lockfile: 
  No lockfile
